<?xml version="1.0" encoding="UTF-8"?>
<testsuite xmlns:xsi="http://www.w3.org/2001/XMLSchema-instance" xsi:noNamespaceSchemaLocation="https://maven.apache.org/surefire/maven-surefire-plugin/xsd/surefire-test-report-3.0.xsd" version="3.0" name="com.mvogt.quincaillerie.client.controller.BackofficeScreenTest" time="2.628" tests="2" errors="0" skipped="0" failures="0">
  <properties>
[...]
</properties>
  <testcase name="backofficeAvecRoleAdminGardeTousLesOnglets" classname="com.mvogt.quincaillerie.client.controller.BackofficeScreenTest" time="2.106">
    <system-err><![CDATA[Aug 16, 2026 3:09:27 PM com.sun.javafx.application.PlatformImpl startup
WARNING: Unsupported JavaFX configuration: classes were loaded from 'unnamed module @1a1d6a08'
]]></system-err>
  </testcase>
  <testcase name="backofficeAvecRoleGestionnaireGardeLeTableauDeBordMaisRetireRapports" classname="com.mvogt.quincaillerie.client.controller.BackofficeScreenTest" time="0.459"/>
</testsuite>